[2017-11-14 14:06:08.008] [INFO] access - GET /
[2017-11-14 14:06:08.068] [INFO] access - GET /assets/admin/vendor/custom-bootstrap-3.3.5/css/bootstrap.min.css
[2017-11-14 14:06:08.070] [INFO] access - GET /assets/admin/main.css
[2017-11-14 14:06:08.075] [INFO] access - GET /assets/admin/images/logo-lg-blue.png
[2017-11-14 14:06:12.767] [WARN] access - GET /assets/admin/main.css
[2017-11-14 14:06:12.772] [WARN] access - GET /assets/admin/vendor/custom-bootstrap-3.3.5/css/bootstrap.min.css
[2017-11-14 14:06:16.216] [INFO] access - GET /admin
[2017-11-14 14:06:16.240] [WARN] access - GET /assets/admin/main.css
[2017-11-14 14:06:16.262] [INFO] access - GET /assets/admin/main.js
[2017-11-14 14:06:16.265] [INFO] access - GET /assets/admin/vendor.css
[2017-11-14 14:06:16.268] [INFO] access - GET /assets/admin/views.js
[2017-11-14 14:06:16.311] [INFO] access - GET /assets/admin/vendor.js
[2017-11-14 14:06:16.510] [INFO] access - GET /api/install
[2017-11-14 14:06:16.536] [WARN] access - GET /api/install
[2017-11-14 14:06:16.712] [INFO] access - GET /api/install/themes
[2017-11-14 14:06:16.757] [INFO] access - GET /assets/admin/images/logo-lg.png
[2017-11-14 14:06:16.758] [INFO] access - GET /assets/admin/images/sponsor/weixin199.jpg
[2017-11-14 14:06:16.763] [INFO] access - GET /assets/admin/images/sponsor/weixin999.jpg
[2017-11-14 14:06:16.770] [INFO] access - GET /assets/admin/images/sponsor/weixin99.jpg
[2017-11-14 14:06:16.771] [INFO] access - GET /assets/admin/images/sponsor/weixin499.jpg
[2017-11-14 14:06:16.772] [INFO] access - GET /assets/admin/images/sponsor/alipay99.jpg
[2017-11-14 14:06:16.779] [INFO] access - GET /assets/admin/images/sponsor/alipay199.jpg
[2017-11-14 14:06:16.781] [INFO] access - GET /assets/admin/images/sponsor/alipay999.jpg
[2017-11-14 14:06:16.783] [INFO] access - GET /assets/admin/images/sponsor/alipay499.jpg
[2017-11-14 14:07:50.456] [ERROR] access - PUT /api/install/test-database
[2017-11-14 14:07:50.464] [INFO] access - GET /assets/admin/fonts/fontawesome-webfont.woff2?v=4.6.1
[2017-11-14 14:10:32.342] [ERROR] access - PUT /api/install/test-database
[2017-11-14 14:10:33.098] [ERROR] access - PUT /api/install/test-database
[2017-11-14 14:10:48.764] [ERROR] access - PUT /api/install/test-database
[2017-11-14 14:10:49.448] [ERROR] access - PUT /api/install/test-database
[2017-11-14 14:11:06.517] [ERROR] access - PUT /api/install/test-database
[2017-11-14 14:11:07.129] [ERROR] access - PUT /api/install/test-database
[2017-11-14 14:11:07.748] [ERROR] access - PUT /api/install/test-database
[2017-11-14 14:12:00.717] [ERROR] access - PUT /api/install/test-database
